[ 2017-03-13T10:25:43+08:00 ] 127.0.0.1 /admin/login
INFO: [ app_init ] --START--
INFO: Run Behavior\BuildLiteBehavior [ RunTime:0.000000s ]
INFO: [ app_init ] --END-- [ RunTime:0.004000s ]
INFO: [ app_begin ] --START--
INFO: Run Behavior\ReadHtmlCacheBehavior [ RunTime:0.006000s ]
INFO: [ app_begin ] --END-- [ RunTime:0.006000s ]
INFO: [ view_parse ] --START--
INFO: [ template_filter ] --START--
INFO: Run Behavior\ContentReplaceBehavior [ RunTime:0.000000s ]
INFO: [ template_filter ] --END-- [ RunTime:0.000000s ]
INFO: Run Behavior\ParseTemplateBehavior [ RunTime:0.042003s ]
INFO: [ view_parse ] --END-- [ RunTime:0.042003s ]
INFO: [ view_filter ] --START--
INFO: Run Behavior\WriteHtmlCacheBehavior [ RunTime:0.007000s ]
INFO: [ view_filter ] --END-- [ RunTime:0.007000s ]
INFO: [ app_end ] --START--
INFO: Run Behavior\ShowPageTraceBehavior [ RunTime:0.006000s ]
INFO: [ app_end ] --END-- [ RunTime:0.006000s ]

[ 2017-03-13T10:25:43+08:00 ] 127.0.0.1 /admin/signin.css
INFO: [ app_init ] --START--
INFO: Run Behavior\BuildLiteBehavior [ RunTime:0.000000s ]
INFO: [ app_init ] --END-- [ RunTime:0.000000s ]
INFO: [ app_begin ] --START--
INFO: Run Behavior\ReadHtmlCacheBehavior [ RunTime:0.003000s ]
INFO: [ app_begin ] --END-- [ RunTime:0.003000s ]
ERR: 无法加载控制器:Signin.css

[ 2017-03-13T10:25:43+08:00 ] 127.0.0.1 /admin/login
INFO: [ app_init ] --START--
INFO: Run Behavior\BuildLiteBehavior [ RunTime:0.000000s ]
INFO: [ app_init ] --END-- [ RunTime:0.000000s ]
INFO: [ app_begin ] --START--
INFO: Run Behavior\ReadHtmlCacheBehavior [ RunTime:0.003000s ]
INFO: [ app_begin ] --END-- [ RunTime:0.003000s ]
INFO: [ view_parse ] --START--
INFO: [ template_filter ] --START--
INFO: Run Behavior\ContentReplaceBehavior [ RunTime:0.000000s ]
INFO: [ template_filter ] --END-- [ RunTime:0.000000s ]
INFO: Run Behavior\ParseTemplateBehavior [ RunTime:0.018001s ]
INFO: [ view_parse ] --END-- [ RunTime:0.018001s ]
INFO: [ view_filter ] --START--
INFO: Run Behavior\WriteHtmlCacheBehavior [ RunTime:0.002000s ]
INFO: [ view_filter ] --END-- [ RunTime:0.002000s ]
INFO: [ app_end ] --START--
INFO: Run Behavior\ShowPageTraceBehavior [ RunTime:0.003000s ]
INFO: [ app_end ] --END-- [ RunTime:0.003000s ]

[ 2017-03-13T10:25:50+08:00 ] 127.0.0.1 /admin/login/check
INFO: [ app_init ] --START--
INFO: Run Behavior\BuildLiteBehavior [ RunTime:0.000000s ]
INFO: [ app_init ] --END-- [ RunTime:0.001000s ]
INFO: [ app_begin ] --START--
INFO: Run Behavior\ReadHtmlCacheBehavior [ RunTime:0.004000s ]
INFO: [ app_begin ] --END-- [ RunTime:0.004000s ]
SQL: SHOW COLUMNS FROM `cms_admin` [ RunTime:0.0100s ]
SQL: SELECT * FROM `cms_admin` WHERE ( username="admin" ) LIMIT 1   [ RunTime:0.0000s ]

[ 2017-03-13T10:25:51+08:00 ] 127.0.0.1 /admin/index
INFO: [ app_init ] --START--
INFO: Run Behavior\BuildLiteBehavior [ RunTime:0.000000s ]
INFO: [ app_init ] --END-- [ RunTime:0.000000s ]
INFO: [ app_begin ] --START--
INFO: Run Behavior\ReadHtmlCacheBehavior [ RunTime:0.002000s ]
INFO: [ app_begin ] --END-- [ RunTime:0.002000s ]
INFO: [ view_parse ] --START--
INFO: [ template_filter ] --START--
INFO: Run Behavior\ContentReplaceBehavior [ RunTime:0.000000s ]
INFO: [ template_filter ] --END-- [ RunTime:0.000000s ]
INFO: Run Behavior\ParseTemplateBehavior [ RunTime:0.036002s ]
INFO: [ view_parse ] --END-- [ RunTime:0.036002s ]
INFO: [ view_filter ] --START--
INFO: Run Behavior\WriteHtmlCacheBehavior [ RunTime:0.003000s ]
INFO: [ view_filter ] --END-- [ RunTime:0.003000s ]
INFO: [ app_end ] --START--
INFO: Run Behavior\ShowPageTraceBehavior [ RunTime:0.002000s ]
INFO: [ app_end ] --END-- [ RunTime:0.002000s ]

[ 2017-03-13T10:25:53+08:00 ] 127.0.0.1 /admin/menu
INFO: [ app_init ] --START--
INFO: Run Behavior\BuildLiteBehavior [ RunTime:0.000000s ]
INFO: [ app_init ] --END-- [ RunTime:0.001000s ]
INFO: [ app_begin ] --START--
INFO: Run Behavior\ReadHtmlCacheBehavior [ RunTime:0.003000s ]
INFO: [ app_begin ] --END-- [ RunTime:0.003000s ]
NOTIC: [8] Undefined index: p E:\UPUPW_AP5.6\vhosts\www.greentea.com\Application\Admin\Controller\MenuController.class.php 第 14 行.
NOTIC: [8] Undefined index: pageSize E:\UPUPW_AP5.6\vhosts\www.greentea.com\Application\Admin\Controller\MenuController.class.php 第 15 行.
SQL: SHOW COLUMNS FROM `cms_menu` [ RunTime:0.0180s ]
SQL: SELECT * FROM `cms_menu` WHERE `status` <> -1 ORDER BY menu_id desc LIMIT 0,3   [ RunTime:0.0210s ]
SQL: SELECT COUNT(*) AS tp_count FROM `cms_menu` WHERE `status` <> -1 LIMIT 1   [ RunTime:0.0000s ]

[ 2017-03-13T10:26:18+08:00 ] 127.0.0.1 /admin/menu
INFO: [ app_init ] --START--
INFO: Run Behavior\BuildLiteBehavior [ RunTime:0.000000s ]
INFO: [ app_init ] --END-- [ RunTime:0.000000s ]
INFO: [ app_begin ] --START--
INFO: Run Behavior\ReadHtmlCacheBehavior [ RunTime:0.003000s ]
INFO: [ app_begin ] --END-- [ RunTime:0.003000s ]
NOTIC: [8] Undefined index: p E:\UPUPW_AP5.6\vhosts\www.greentea.com\Application\Admin\Controller\MenuController.class.php 第 14 行.
NOTIC: [8] Undefined index: pageSize E:\UPUPW_AP5.6\vhosts\www.greentea.com\Application\Admin\Controller\MenuController.class.php 第 15 行.
SQL: SHOW COLUMNS FROM `cms_menu` [ RunTime:0.0180s ]
SQL: SELECT * FROM `cms_menu` WHERE `status` <> -1 ORDER BY menu_id desc LIMIT 0,3   [ RunTime:0.0010s ]
SQL: SELECT COUNT(*) AS tp_count FROM `cms_menu` WHERE `status` <> -1 LIMIT 1   [ RunTime:0.0000s ]

[ 2017-03-13T10:26:19+08:00 ] 127.0.0.1 /admin/menu
INFO: [ app_init ] --START--
INFO: Run Behavior\BuildLiteBehavior [ RunTime:0.000000s ]
INFO: [ app_init ] --END-- [ RunTime:0.001000s ]
INFO: [ app_begin ] --START--
INFO: Run Behavior\ReadHtmlCacheBehavior [ RunTime:0.002000s ]
INFO: [ app_begin ] --END-- [ RunTime:0.002000s ]
NOTIC: [8] Undefined index: p E:\UPUPW_AP5.6\vhosts\www.greentea.com\Application\Admin\Controller\MenuController.class.php 第 14 行.
NOTIC: [8] Undefined index: pageSize E:\UPUPW_AP5.6\vhosts\www.greentea.com\Application\Admin\Controller\MenuController.class.php 第 15 行.
SQL: SHOW COLUMNS FROM `cms_menu` [ RunTime:0.0170s ]
SQL: SELECT * FROM `cms_menu` WHERE `status` <> -1 ORDER BY menu_id desc LIMIT 0,3   [ RunTime:0.0010s ]
SQL: SELECT COUNT(*) AS tp_count FROM `cms_menu` WHERE `status` <> -1 LIMIT 1   [ RunTime:0.0000s ]

[ 2017-03-13T10:27:39+08:00 ] 127.0.0.1 /admin/menu
INFO: [ app_init ] --START--
INFO: Run Behavior\BuildLiteBehavior [ RunTime:0.000000s ]
INFO: [ app_init ] --END-- [ RunTime:0.001000s ]
INFO: [ app_begin ] --START--
INFO: Run Behavior\ReadHtmlCacheBehavior [ RunTime:0.002000s ]
INFO: [ app_begin ] --END-- [ RunTime:0.002000s ]
NOTIC: [8] Undefined index: p E:\UPUPW_AP5.6\vhosts\www.greentea.com\Application\Admin\Controller\MenuController.class.php 第 14 行.
NOTIC: [8] Undefined index: pageSize E:\UPUPW_AP5.6\vhosts\www.greentea.com\Application\Admin\Controller\MenuController.class.php 第 15 行.
SQL: SHOW COLUMNS FROM `cms_menu` [ RunTime:0.0260s ]
SQL: SELECT * FROM `cms_menu` WHERE `status` <> -1 ORDER BY menu_id desc LIMIT 0,3   [ RunTime:0.0010s ]
SQL: SELECT COUNT(*) AS tp_count FROM `cms_menu` WHERE `status` <> -1 LIMIT 1   [ RunTime:0.0000s ]
INFO: [ view_parse ] --START--
INFO: [ template_filter ] --START--
INFO: Run Behavior\ContentReplaceBehavior [ RunTime:0.000000s ]
INFO: [ template_filter ] --END-- [ RunTime:0.000000s ]
NOTIC: [8] Undefined variable: nav E:\UPUPW_AP5.6\vhosts\www.greentea.com\Application\Runtime\Cache\Admin\b956215329b6f9aca22277599a4efdfc.php 第 103 行.
INFO: Run Behavior\ParseTemplateBehavior [ RunTime:0.023001s ]
INFO: [ view_parse ] --END-- [ RunTime:0.023001s ]
INFO: [ view_filter ] --START--
INFO: Run Behavior\WriteHtmlCacheBehavior [ RunTime:0.002000s ]
INFO: [ view_filter ] --END-- [ RunTime:0.002000s ]
INFO: [ app_end ] --START--
INFO: Run Behavior\ShowPageTraceBehavior [ RunTime:0.002000s ]
INFO: [ app_end ] --END-- [ RunTime:0.002000s ]

[ 2017-03-13T10:28:56+08:00 ] 127.0.0.1 /admin/menu
INFO: [ app_init ] --START--
INFO: Run Behavior\BuildLiteBehavior [ RunTime:0.000000s ]
INFO: [ app_init ] --END-- [ RunTime:0.000000s ]
INFO: [ app_begin ] --START--
INFO: Run Behavior\ReadHtmlCacheBehavior [ RunTime:0.003000s ]
INFO: [ app_begin ] --END-- [ RunTime:0.003000s ]
NOTIC: [8] Undefined index: p E:\UPUPW_AP5.6\vhosts\www.greentea.com\Application\Admin\Controller\MenuController.class.php 第 14 行.
NOTIC: [8] Undefined index: pageSize E:\UPUPW_AP5.6\vhosts\www.greentea.com\Application\Admin\Controller\MenuController.class.php 第 15 行.
SQL: SHOW COLUMNS FROM `cms_menu` [ RunTime:0.0310s ]
SQL: SELECT * FROM `cms_menu` WHERE `status` <> -1 ORDER BY menu_id desc LIMIT 0,3   [ RunTime:0.0000s ]
SQL: SELECT COUNT(*) AS tp_count FROM `cms_menu` WHERE `status` <> -1 LIMIT 1   [ RunTime:0.0010s ]
INFO: [ view_parse ] --START--
INFO: [ template_filter ] --START--
INFO: Run Behavior\ContentReplaceBehavior [ RunTime:0.000000s ]
INFO: [ template_filter ] --END-- [ RunTime:0.000000s ]
NOTIC: [8] Undefined variable: nav E:\UPUPW_AP5.6\vhosts\www.greentea.com\Application\Runtime\Cache\Admin\b956215329b6f9aca22277599a4efdfc.php 第 103 行.
INFO: Run Behavior\ParseTemplateBehavior [ RunTime:0.031002s ]
INFO: [ view_parse ] --END-- [ RunTime:0.031002s ]
INFO: [ view_filter ] --START--
INFO: Run Behavior\WriteHtmlCacheBehavior [ RunTime:0.003000s ]
INFO: [ view_filter ] --END-- [ RunTime:0.003000s ]
INFO: [ app_end ] --START--
INFO: Run Behavior\ShowPageTraceBehavior [ RunTime:0.003000s ]
INFO: [ app_end ] --END-- [ RunTime:0.004000s ]

[ 2017-03-13T10:28:56+08:00 ] 127.0.0.1 /admin/menu
INFO: [ app_init ] --START--
INFO: Run Behavior\BuildLiteBehavior [ RunTime:0.000000s ]
INFO: [ app_init ] --END-- [ RunTime:0.000000s ]
INFO: [ app_begin ] --START--
INFO: Run Behavior\ReadHtmlCacheBehavior [ RunTime:0.002000s ]
INFO: [ app_begin ] --END-- [ RunTime:0.002000s ]
NOTIC: [8] Undefined index: p E:\UPUPW_AP5.6\vhosts\www.greentea.com\Application\Admin\Controller\MenuController.class.php 第 14 行.
NOTIC: [8] Undefined index: pageSize E:\UPUPW_AP5.6\vhosts\www.greentea.com\Application\Admin\Controller\MenuController.class.php 第 15 行.
SQL: SHOW COLUMNS FROM `cms_menu` [ RunTime:0.0270s ]
SQL: SELECT * FROM `cms_menu` WHERE `status` <> -1 ORDER BY menu_id desc LIMIT 0,3   [ RunTime:0.0010s ]
SQL: SELECT COUNT(*) AS tp_count FROM `cms_menu` WHERE `status` <> -1 LIMIT 1   [ RunTime:0.0000s ]
INFO: [ view_parse ] --START--
INFO: [ template_filter ] --START--
INFO: Run Behavior\ContentReplaceBehavior [ RunTime:0.001000s ]
INFO: [ template_filter ] --END-- [ RunTime:0.001000s ]
NOTIC: [8] Undefined variable: nav E:\UPUPW_AP5.6\vhosts\www.greentea.com\Application\Runtime\Cache\Admin\b956215329b6f9aca22277599a4efdfc.php 第 103 行.
INFO: Run Behavior\ParseTemplateBehavior [ RunTime:0.022001s ]
INFO: [ view_parse ] --END-- [ RunTime:0.023001s ]
INFO: [ view_filter ] --START--
INFO: Run Behavior\WriteHtmlCacheBehavior [ RunTime:0.002000s ]
INFO: [ view_filter ] --END-- [ RunTime:0.002000s ]
INFO: [ app_end ] --START--
INFO: Run Behavior\ShowPageTraceBehavior [ RunTime:0.002000s ]
INFO: [ app_end ] --END-- [ RunTime:0.002000s ]

[ 2017-03-13T14:23:19+08:00 ] 127.0.0.1 /admin/menu
INFO: [ app_init ] --START--
INFO: Run Behavior\BuildLiteBehavior [ RunTime:0.000000s ]
INFO: [ app_init ] --END-- [ RunTime:0.001000s ]
INFO: [ app_begin ] --START--
INFO: Run Behavior\ReadHtmlCacheBehavior [ RunTime:0.002000s ]
INFO: [ app_begin ] --END-- [ RunTime:0.003000s ]
NOTIC: [8] Undefined index: p E:\UPUPW_AP5.6\vhosts\www.greentea.com\Application\Admin\Controller\MenuController.class.php 第 14 行.
NOTIC: [8] Undefined index: pageSize E:\UPUPW_AP5.6\vhosts\www.greentea.com\Application\Admin\Controller\MenuController.class.php 第 15 行.
SQL: SHOW COLUMNS FROM `cms_menu` [ RunTime:0.0270s ]
SQL: SELECT * FROM `cms_menu` WHERE `status` <> -1 ORDER BY menu_id desc LIMIT 0,3   [ RunTime:0.0010s ]
SQL: SELECT COUNT(*) AS tp_count FROM `cms_menu` WHERE `status` <> -1 LIMIT 1   [ RunTime:0.0000s ]
INFO: [ view_parse ] --START--
INFO: [ template_filter ] --START--
INFO: Run Behavior\ContentReplaceBehavior [ RunTime:0.000000s ]
INFO: [ template_filter ] --END-- [ RunTime:0.000000s ]
NOTIC: [8] Undefined variable: nav E:\UPUPW_AP5.6\vhosts\www.greentea.com\Application\Runtime\Cache\Admin\b956215329b6f9aca22277599a4efdfc.php 第 103 行.
INFO: Run Behavior\ParseTemplateBehavior [ RunTime:0.022001s ]
INFO: [ view_parse ] --END-- [ RunTime:0.023001s ]
INFO: [ view_filter ] --START--
INFO: Run Behavior\WriteHtmlCacheBehavior [ RunTime:0.003000s ]
INFO: [ view_filter ] --END-- [ RunTime:0.003000s ]
INFO: [ app_end ] --START--
INFO: Run Behavior\ShowPageTraceBehavior [ RunTime:0.002001s ]
INFO: [ app_end ] --END-- [ RunTime:0.002001s ]

[ 2017-03-13T14:30:35+08:00 ] 127.0.0.1 /admin/menu
INFO: [ app_init ] --START--
INFO: Run Behavior\BuildLiteBehavior [ RunTime:0.000000s ]
INFO: [ app_init ] --END-- [ RunTime:0.000000s ]
INFO: [ app_begin ] --START--
INFO: Run Behavior\ReadHtmlCacheBehavior [ RunTime:0.002000s ]
INFO: [ app_begin ] --END-- [ RunTime:0.002000s ]
NOTIC: [8] Undefined index: p E:\UPUPW_AP5.6\vhosts\www.greentea.com\Application\Admin\Controller\MenuController.class.php 第 14 行.
NOTIC: [8] Undefined index: pageSize E:\UPUPW_AP5.6\vhosts\www.greentea.com\Application\Admin\Controller\MenuController.class.php 第 15 行.
SQL: SHOW COLUMNS FROM `cms_menu` [ RunTime:0.0250s ]
SQL: SELECT * FROM `cms_menu` WHERE `status` <> -1 ORDER BY menu_id desc LIMIT 0,3   [ RunTime:0.0000s ]
SQL: SELECT COUNT(*) AS tp_count FROM `cms_menu` WHERE `status` <> -1 LIMIT 1   [ RunTime:0.0010s ]
INFO: [ view_parse ] --START--
INFO: [ template_filter ] --START--
INFO: Run Behavior\ContentReplaceBehavior [ RunTime:0.000000s ]
INFO: [ template_filter ] --END-- [ RunTime:0.000000s ]
NOTIC: [8] Undefined variable: nav E:\UPUPW_AP5.6\vhosts\www.greentea.com\Application\Runtime\Cache\Admin\b956215329b6f9aca22277599a4efdfc.php 第 103 行.
INFO: Run Behavior\ParseTemplateBehavior [ RunTime:0.023001s ]
INFO: [ view_parse ] --END-- [ RunTime:0.023001s ]
INFO: [ view_filter ] --START--
INFO: Run Behavior\WriteHtmlCacheBehavior [ RunTime:0.003001s ]
INFO: [ view_filter ] --END-- [ RunTime:0.003001s ]
INFO: [ app_end ] --START--
INFO: Run Behavior\ShowPageTraceBehavior [ RunTime:0.003000s ]
INFO: [ app_end ] --END-- [ RunTime:0.003000s ]

[ 2017-03-13T14:30:37+08:00 ] 127.0.0.1 /Admin/Menu/index/p/3.html
INFO: [ app_init ] --START--
INFO: Run Behavior\BuildLiteBehavior [ RunTime:0.000000s ]
INFO: [ app_init ] --END-- [ RunTime:0.000000s ]
INFO: [ app_begin ] --START--
INFO: Run Behavior\ReadHtmlCacheBehavior [ RunTime:0.003000s ]
INFO: [ app_begin ] --END-- [ RunTime:0.003000s ]
NOTIC: [8] Undefined index: pageSize E:\UPUPW_AP5.6\vhosts\www.greentea.com\Application\Admin\Controller\MenuController.class.php 第 15 行.
SQL: SHOW COLUMNS FROM `cms_menu` [ RunTime:0.0260s ]
SQL: SELECT * FROM `cms_menu` WHERE `status` <> -1 ORDER BY menu_id desc LIMIT 6,3   [ RunTime:0.0010s ]
SQL: SELECT COUNT(*) AS tp_count FROM `cms_menu` WHERE `status` <> -1 LIMIT 1   [ RunTime:0.0010s ]
INFO: [ view_parse ] --START--
INFO: [ template_filter ] --START--
INFO: Run Behavior\ContentReplaceBehavior [ RunTime:0.000000s ]
INFO: [ template_filter ] --END-- [ RunTime:0.001000s ]
NOTIC: [8] Undefined variable: nav E:\UPUPW_AP5.6\vhosts\www.greentea.com\Application\Runtime\Cache\Admin\b956215329b6f9aca22277599a4efdfc.php 第 103 行.
INFO: Run Behavior\ParseTemplateBehavior [ RunTime:0.022001s ]
INFO: [ view_parse ] --END-- [ RunTime:0.022001s ]
INFO: [ view_filter ] --START--
INFO: Run Behavior\WriteHtmlCacheBehavior [ RunTime:0.002000s ]
INFO: [ view_filter ] --END-- [ RunTime:0.002000s ]
INFO: [ app_end ] --START--
INFO: Run Behavior\ShowPageTraceBehavior [ RunTime:0.002000s ]
INFO: [ app_end ] --END-- [ RunTime:0.002000s ]

[ 2017-03-13T14:30:39+08:00 ] 127.0.0.1 /Admin/Menu/index/p/1.html
INFO: [ app_init ] --START--
INFO: Run Behavior\BuildLiteBehavior [ RunTime:0.001000s ]
INFO: [ app_init ] --END-- [ RunTime:0.001000s ]
INFO: [ app_begin ] --START--
INFO: Run Behavior\ReadHtmlCacheBehavior [ RunTime:0.002000s ]
INFO: [ app_begin ] --END-- [ RunTime:0.002000s ]
NOTIC: [8] Undefined index: pageSize E:\UPUPW_AP5.6\vhosts\www.greentea.com\Application\Admin\Controller\MenuController.class.php 第 15 行.
SQL: SHOW COLUMNS FROM `cms_menu` [ RunTime:0.0270s ]
SQL: SELECT * FROM `cms_menu` WHERE `status` <> -1 ORDER BY menu_id desc LIMIT 0,3   [ RunTime:0.0000s ]
SQL: SELECT COUNT(*) AS tp_count FROM `cms_menu` WHERE `status` <> -1 LIMIT 1   [ RunTime:0.0010s ]
INFO: [ view_parse ] --START--
INFO: [ template_filter ] --START--
INFO: Run Behavior\ContentReplaceBehavior [ RunTime:0.000000s ]
INFO: [ template_filter ] --END-- [ RunTime:0.000000s ]
NOTIC: [8] Undefined variable: nav E:\UPUPW_AP5.6\vhosts\www.greentea.com\Application\Runtime\Cache\Admin\b956215329b6f9aca22277599a4efdfc.php 第 103 行.
INFO: Run Behavior\ParseTemplateBehavior [ RunTime:0.021001s ]
INFO: [ view_parse ] --END-- [ RunTime:0.022001s ]
INFO: [ view_filter ] --START--
INFO: Run Behavior\WriteHtmlCacheBehavior [ RunTime:0.002000s ]
INFO: [ view_filter ] --END-- [ RunTime:0.002000s ]
INFO: [ app_end ] --START--
INFO: Run Behavior\ShowPageTraceBehavior [ RunTime:0.003000s ]
INFO: [ app_end ] --END-- [ RunTime:0.003000s ]

[ 2017-03-13T14:31:13+08:00 ] 127.0.0.1 /Admin/Menu/index/p/4.html
INFO: [ app_init ] --START--
INFO: Run Behavior\BuildLiteBehavior [ RunTime:0.000000s ]
INFO: [ app_init ] --END-- [ RunTime:0.001000s ]
INFO: [ app_begin ] --START--
INFO: Run Behavior\ReadHtmlCacheBehavior [ RunTime:0.003000s ]
INFO: [ app_begin ] --END-- [ RunTime:0.003000s ]
NOTIC: [8] Undefined index: pageSize E:\UPUPW_AP5.6\vhosts\www.greentea.com\Application\Admin\Controller\MenuController.class.php 第 15 行.
SQL: SHOW COLUMNS FROM `cms_menu` [ RunTime:0.0260s ]
SQL: SELECT * FROM `cms_menu` WHERE `status` <> -1 ORDER BY menu_id desc LIMIT 9,3   [ RunTime:0.0000s ]
SQL: SELECT COUNT(*) AS tp_count FROM `cms_menu` WHERE `status` <> -1 LIMIT 1   [ RunTime:0.0000s ]
INFO: [ view_parse ] --START--
INFO: [ template_filter ] --START--
INFO: Run Behavior\ContentReplaceBehavior [ RunTime:0.000000s ]
INFO: [ template_filter ] --END-- [ RunTime:0.000000s ]
NOTIC: [8] Undefined variable: nav E:\UPUPW_AP5.6\vhosts\www.greentea.com\Application\Runtime\Cache\Admin\b956215329b6f9aca22277599a4efdfc.php 第 103 行.
INFO: Run Behavior\ParseTemplateBehavior [ RunTime:0.022001s ]
INFO: [ view_parse ] --END-- [ RunTime:0.022001s ]
INFO: [ view_filter ] --START--
INFO: Run Behavior\WriteHtmlCacheBehavior [ RunTime:0.003000s ]
INFO: [ view_filter ] --END-- [ RunTime:0.003000s ]
INFO: [ app_end ] --START--
INFO: Run Behavior\ShowPageTraceBehavior [ RunTime:0.003001s ]
INFO: [ app_end ] --END-- [ RunTime:0.003001s ]

[ 2017-03-13T14:31:16+08:00 ] 127.0.0.1 /Admin/Menu/index/p/1.html
INFO: [ app_init ] --START--
INFO: Run Behavior\BuildLiteBehavior [ RunTime:0.000000s ]
INFO: [ app_init ] --END-- [ RunTime:0.001000s ]
INFO: [ app_begin ] --START--
INFO: Run Behavior\ReadHtmlCacheBehavior [ RunTime:0.003000s ]
INFO: [ app_begin ] --END-- [ RunTime:0.003000s ]
NOTIC: [8] Undefined index: pageSize E:\UPUPW_AP5.6\vhosts\www.greentea.com\Application\Admin\Controller\MenuController.class.php 第 15 行.
SQL: SHOW COLUMNS FROM `cms_menu` [ RunTime:0.0250s ]
SQL: SELECT * FROM `cms_menu` WHERE `status` <> -1 ORDER BY menu_id desc LIMIT 0,3   [ RunTime:0.0010s ]
SQL: SELECT COUNT(*) AS tp_count FROM `cms_menu` WHERE `status` <> -1 LIMIT 1   [ RunTime:0.0010s ]
INFO: [ view_parse ] --START--
INFO: [ template_filter ] --START--
INFO: Run Behavior\ContentReplaceBehavior [ RunTime:0.000000s ]
INFO: [ template_filter ] --END-- [ RunTime:0.000000s ]
NOTIC: [8] Undefined variable: nav E:\UPUPW_AP5.6\vhosts\www.greentea.com\Application\Runtime\Cache\Admin\b956215329b6f9aca22277599a4efdfc.php 第 103 行.
INFO: Run Behavior\ParseTemplateBehavior [ RunTime:0.021001s ]
INFO: [ view_parse ] --END-- [ RunTime:0.021001s ]
INFO: [ view_filter ] --START--
INFO: Run Behavior\WriteHtmlCacheBehavior [ RunTime:0.003000s ]
INFO: [ view_filter ] --END-- [ RunTime:0.003000s ]
INFO: [ app_end ] --START--
INFO: Run Behavior\ShowPageTraceBehavior [ RunTime:0.003000s ]
INFO: [ app_end ] --END-- [ RunTime:0.003000s ]

[ 2017-03-13T14:31:42+08:00 ] 127.0.0.1 /Admin/Menu/index/p/1.html
INFO: [ app_init ] --START--
INFO: Run Behavior\BuildLiteBehavior [ RunTime:0.000000s ]
INFO: [ app_init ] --END-- [ RunTime:0.001000s ]
INFO: [ app_begin ] --START--
INFO: Run Behavior\ReadHtmlCacheBehavior [ RunTime:0.003000s ]
INFO: [ app_begin ] --END-- [ RunTime:0.003000s ]
NOTIC: [8] Undefined index: pageSize E:\UPUPW_AP5.6\vhosts\www.greentea.com\Application\Admin\Controller\MenuController.class.php 第 15 行.
SQL: SHOW COLUMNS FROM `cms_menu` [ RunTime:0.0280s ]
SQL: SELECT * FROM `cms_menu` WHERE `status` <> -1 ORDER BY menu_id desc LIMIT 0,3   [ RunTime:0.0010s ]
SQL: SELECT COUNT(*) AS tp_count FROM `cms_menu` WHERE `status` <> -1 LIMIT 1   [ RunTime:0.0000s ]
INFO: [ view_parse ] --START--
INFO: [ template_filter ] --START--
INFO: Run Behavior\ContentReplaceBehavior [ RunTime:0.000000s ]
INFO: [ template_filter ] --END-- [ RunTime:0.001000s ]
NOTIC: [8] Undefined variable: nav E:\UPUPW_AP5.6\vhosts\www.greentea.com\Application\Runtime\Cache\Admin\b956215329b6f9aca22277599a4efdfc.php 第 103 行.
INFO: Run Behavior\ParseTemplateBehavior [ RunTime:0.028001s ]
INFO: [ view_parse ] --END-- [ RunTime:0.028001s ]
INFO: [ view_filter ] --START--
INFO: Run Behavior\WriteHtmlCacheBehavior [ RunTime:0.004000s ]
INFO: [ view_filter ] --END-- [ RunTime:0.004000s ]
INFO: [ app_end ] --START--
INFO: Run Behavior\ShowPageTraceBehavior [ RunTime:0.003001s ]
INFO: [ app_end ] --END-- [ RunTime:0.004001s ]

[ 2017-03-13T14:31:43+08:00 ] 127.0.0.1 /Admin/Menu/index/p/1.html
INFO: [ app_init ] --START--
INFO: Run Behavior\BuildLiteBehavior [ RunTime:0.000000s ]
INFO: [ app_init ] --END-- [ RunTime:0.001000s ]
INFO: [ app_begin ] --START--
INFO: Run Behavior\ReadHtmlCacheBehavior [ RunTime:0.003000s ]
INFO: [ app_begin ] --END-- [ RunTime:0.003000s ]
NOTIC: [8] Undefined index: pageSize E:\UPUPW_AP5.6\vhosts\www.greentea.com\Application\Admin\Controller\MenuController.class.php 第 15 行.
SQL: SHOW COLUMNS FROM `cms_menu` [ RunTime:0.0290s ]
SQL: SELECT * FROM `cms_menu` WHERE `status` <> -1 ORDER BY menu_id desc LIMIT 0,10   [ RunTime:0.0010s ]
SQL: SELECT COUNT(*) AS tp_count FROM `cms_menu` WHERE `status` <> -1 LIMIT 1   [ RunTime:0.0010s ]
INFO: [ view_parse ] --START--
INFO: [ template_filter ] --START--
INFO: Run Behavior\ContentReplaceBehavior [ RunTime:0.000000s ]
INFO: [ template_filter ] --END-- [ RunTime:0.000000s ]
NOTIC: [8] Undefined variable: nav E:\UPUPW_AP5.6\vhosts\www.greentea.com\Application\Runtime\Cache\Admin\b956215329b6f9aca22277599a4efdfc.php 第 103 行.
INFO: Run Behavior\ParseTemplateBehavior [ RunTime:0.021001s ]
INFO: [ view_parse ] --END-- [ RunTime:0.021001s ]
INFO: [ view_filter ] --START--
INFO: Run Behavior\WriteHtmlCacheBehavior [ RunTime:0.003000s ]
INFO: [ view_filter ] --END-- [ RunTime:0.003000s ]
INFO: [ app_end ] --START--
INFO: Run Behavior\ShowPageTraceBehavior [ RunTime:0.003000s ]
INFO: [ app_end ] --END-- [ RunTime:0.003000s ]

[ 2017-03-13T14:31:45+08:00 ] 127.0.0.1 /Admin/Menu/index/p/2.html
INFO: [ app_init ] --START--
INFO: Run Behavior\BuildLiteBehavior [ RunTime:0.000000s ]
INFO: [ app_init ] --END-- [ RunTime:0.001000s ]
INFO: [ app_begin ] --START--
INFO: Run Behavior\ReadHtmlCacheBehavior [ RunTime:0.003001s ]
INFO: [ app_begin ] --END-- [ RunTime:0.003001s ]
NOTIC: [8] Undefined index: pageSize E:\UPUPW_AP5.6\vhosts\www.greentea.com\Application\Admin\Controller\MenuController.class.php 第 15 行.
SQL: SHOW COLUMNS FROM `cms_menu` [ RunTime:0.0270s ]
SQL: SELECT * FROM `cms_menu` WHERE `status` <> -1 ORDER BY menu_id desc LIMIT 10,10   [ RunTime:0.0010s ]
SQL: SELECT COUNT(*) AS tp_count FROM `cms_menu` WHERE `status` <> -1 LIMIT 1   [ RunTime:0.0000s ]
INFO: [ view_parse ] --START--
INFO: [ template_filter ] --START--
INFO: Run Behavior\ContentReplaceBehavior [ RunTime:0.000000s ]
INFO: [ template_filter ] --END-- [ RunTime:0.000000s ]
NOTIC: [8] Undefined variable: nav E:\UPUPW_AP5.6\vhosts\www.greentea.com\Application\Runtime\Cache\Admin\b956215329b6f9aca22277599a4efdfc.php 第 103 行.
INFO: Run Behavior\ParseTemplateBehavior [ RunTime:0.022001s ]
INFO: [ view_parse ] --END-- [ RunTime:0.022001s ]
INFO: [ view_filter ] --START--
INFO: Run Behavior\WriteHtmlCacheBehavior [ RunTime:0.002000s ]
INFO: [ view_filter ] --END-- [ RunTime:0.002000s ]
INFO: [ app_end ] --START--
INFO: Run Behavior\ShowPageTraceBehavior [ RunTime:0.003000s ]
INFO: [ app_end ] --END-- [ RunTime:0.003000s ]

[ 2017-03-13T14:31:47+08:00 ] 127.0.0.1 /Admin/Menu/index/p/1.html
INFO: [ app_init ] --START--
INFO: Run Behavior\BuildLiteBehavior [ RunTime:0.000000s ]
INFO: [ app_init ] --END-- [ RunTime:0.001000s ]
INFO: [ app_begin ] --START--
INFO: Run Behavior\ReadHtmlCacheBehavior [ RunTime:0.002000s ]
INFO: [ app_begin ] --END-- [ RunTime:0.002000s ]
NOTIC: [8] Undefined index: pageSize E:\UPUPW_AP5.6\vhosts\www.greentea.com\Application\Admin\Controller\MenuController.class.php 第 15 行.
SQL: SHOW COLUMNS FROM `cms_menu` [ RunTime:0.0280s ]
SQL: SELECT * FROM `cms_menu` WHERE `status` <> -1 ORDER BY menu_id desc LIMIT 0,10   [ RunTime:0.0010s ]
SQL: SELECT COUNT(*) AS tp_count FROM `cms_menu` WHERE `status` <> -1 LIMIT 1   [ RunTime:0.0000s ]
INFO: [ view_parse ] --START--
INFO: [ template_filter ] --START--
INFO: Run Behavior\ContentReplaceBehavior [ RunTime:0.000000s ]
INFO: [ template_filter ] --END-- [ RunTime:0.000000s ]
NOTIC: [8] Undefined variable: nav E:\UPUPW_AP5.6\vhosts\www.greentea.com\Application\Runtime\Cache\Admin\b956215329b6f9aca22277599a4efdfc.php 第 103 行.
INFO: Run Behavior\ParseTemplateBehavior [ RunTime:0.021001s ]
INFO: [ view_parse ] --END-- [ RunTime:0.021001s ]
INFO: [ view_filter ] --START--
INFO: Run Behavior\WriteHtmlCacheBehavior [ RunTime:0.002001s ]
INFO: [ view_filter ] --END-- [ RunTime:0.002001s ]
INFO: [ app_end ] --START--
INFO: Run Behavior\ShowPageTraceBehavior [ RunTime:0.002000s ]
INFO: [ app_end ] --END-- [ RunTime:0.002000s ]

[ 2017-03-13T15:10:34+08:00 ] 127.0.0.1 /Admin/Menu/index/p/1.html
INFO: [ app_init ] --START--
INFO: Run Behavior\BuildLiteBehavior [ RunTime:0.000000s ]
INFO: [ app_init ] --END-- [ RunTime:0.000000s ]
INFO: [ app_begin ] --START--
INFO: Run Behavior\ReadHtmlCacheBehavior [ RunTime:0.002000s ]
INFO: [ app_begin ] --END-- [ RunTime:0.002000s ]
NOTIC: [8] Undefined index: pageSize E:\UPUPW_AP5.6\vhosts\www.greentea.com\Application\Admin\Controller\MenuController.class.php 第 15 行.
SQL: SHOW COLUMNS FROM `cms_menu` [ RunTime:0.0180s ]
SQL: SELECT * FROM `cms_menu` WHERE `status` <> -1 ORDER BY menu_id desc LIMIT 0,10   [ RunTime:0.0010s ]
SQL: SELECT COUNT(*) AS tp_count FROM `cms_menu` WHERE `status` <> -1 LIMIT 1   [ RunTime:0.0000s ]
INFO: [ view_parse ] --START--
INFO: [ template_filter ] --START--
INFO: Run Behavior\ContentReplaceBehavior [ RunTime:0.000000s ]
INFO: [ template_filter ] --END-- [ RunTime:0.000000s ]
NOTIC: [8] Undefined variable: nav E:\UPUPW_AP5.6\vhosts\www.greentea.com\Application\Runtime\Cache\Admin\b956215329b6f9aca22277599a4efdfc.php 第 103 行.
NOTIC: [8] Undefined index: type  E:\UPUPW_AP5.6\vhosts\www.greentea.com\Application\Runtime\Cache\Admin\b956215329b6f9aca22277599a4efdfc.php 第 155 行.
NOTIC: [8] Undefined index: status  E:\UPUPW_AP5.6\vhosts\www.greentea.com\Application\Runtime\Cache\Admin\b956215329b6f9aca22277599a4efdfc.php 第 156 行.
NOTIC: [8] Undefined index: type  E:\UPUPW_AP5.6\vhosts\www.greentea.com\Application\Runtime\Cache\Admin\b956215329b6f9aca22277599a4efdfc.php 第 155 行.
NOTIC: [8] Undefined index: status  E:\UPUPW_AP5.6\vhosts\www.greentea.com\Application\Runtime\Cache\Admin\b956215329b6f9aca22277599a4efdfc.php 第 156 行.
NOTIC: [8] Undefined index: type  E:\UPUPW_AP5.6\vhosts\www.greentea.com\Application\Runtime\Cache\Admin\b956215329b6f9aca22277599a4efdfc.php 第 155 行.
NOTIC: [8] Undefined index: status  E:\UPUPW_AP5.6\vhosts\www.greentea.com\Application\Runtime\Cache\Admin\b956215329b6f9aca22277599a4efdfc.php 第 156 行.
NOTIC: [8] Undefined index: type  E:\UPUPW_AP5.6\vhosts\www.greentea.com\Application\Runtime\Cache\Admin\b956215329b6f9aca22277599a4efdfc.php 第 155 行.
NOTIC: [8] Undefined index: status  E:\UPUPW_AP5.6\vhosts\www.greentea.com\Application\Runtime\Cache\Admin\b956215329b6f9aca22277599a4efdfc.php 第 156 行.
NOTIC: [8] Undefined index: type  E:\UPUPW_AP5.6\vhosts\www.greentea.com\Application\Runtime\Cache\Admin\b956215329b6f9aca22277599a4efdfc.php 第 155 行.
NOTIC: [8] Undefined index: status  E:\UPUPW_AP5.6\vhosts\www.greentea.com\Application\Runtime\Cache\Admin\b956215329b6f9aca22277599a4efdfc.php 第 156 行.
NOTIC: [8] Undefined index: type  E:\UPUPW_AP5.6\vhosts\www.greentea.com\Application\Runtime\Cache\Admin\b956215329b6f9aca22277599a4efdfc.php 第 155 行.
NOTIC: [8] Undefined index: status  E:\UPUPW_AP5.6\vhosts\www.greentea.com\Application\Runtime\Cache\Admin\b956215329b6f9aca22277599a4efdfc.php 第 156 行.
NOTIC: [8] Undefined index: type  E:\UPUPW_AP5.6\vhosts\www.greentea.com\Application\Runtime\Cache\Admin\b956215329b6f9aca22277599a4efdfc.php 第 155 行.
NOTIC: [8] Undefined index: status  E:\UPUPW_AP5.6\vhosts\www.greentea.com\Application\Runtime\Cache\Admin\b956215329b6f9aca22277599a4efdfc.php 第 156 行.
NOTIC: [8] Undefined index: type  E:\UPUPW_AP5.6\vhosts\www.greentea.com\Application\Runtime\Cache\Admin\b956215329b6f9aca22277599a4efdfc.php 第 155 行.
NOTIC: [8] Undefined index: status  E:\UPUPW_AP5.6\vhosts\www.greentea.com\Application\Runtime\Cache\Admin\b956215329b6f9aca22277599a4efdfc.php 第 156 行.
NOTIC: [8] Undefined index: type  E:\UPUPW_AP5.6\vhosts\www.greentea.com\Application\Runtime\Cache\Admin\b956215329b6f9aca22277599a4efdfc.php 第 155 行.
NOTIC: [8] Undefined index: status  E:\UPUPW_AP5.6\vhosts\www.greentea.com\Application\Runtime\Cache\Admin\b956215329b6f9aca22277599a4efdfc.php 第 156 行.
NOTIC: [8] Undefined index: type  E:\UPUPW_AP5.6\vhosts\www.greentea.com\Application\Runtime\Cache\Admin\b956215329b6f9aca22277599a4efdfc.php 第 155 行.
NOTIC: [8] Undefined index: status  E:\UPUPW_AP5.6\vhosts\www.greentea.com\Application\Runtime\Cache\Admin\b956215329b6f9aca22277599a4efdfc.php 第 156 行.
INFO: Run Behavior\ParseTemplateBehavior [ RunTime:0.020001s ]
INFO: [ view_parse ] --END-- [ RunTime:0.021001s ]
INFO: [ view_filter ] --START--
INFO: Run Behavior\WriteHtmlCacheBehavior [ RunTime:0.002000s ]
INFO: [ view_filter ] --END-- [ RunTime:0.003001s ]
INFO: [ app_end ] --START--
INFO: Run Behavior\ShowPageTraceBehavior [ RunTime:0.002000s ]
INFO: [ app_end ] --END-- [ RunTime:0.002000s ]

[ 2017-03-13T15:20:24+08:00 ] 127.0.0.1 /Admin/Menu/index/p/1.html
INFO: [ app_init ] --START--
INFO: Run Behavior\BuildLiteBehavior [ RunTime:0.000000s ]
INFO: [ app_init ] --END-- [ RunTime:0.001001s ]
INFO: [ app_begin ] --START--
INFO: Run Behavior\ReadHtmlCacheBehavior [ RunTime:0.003000s ]
INFO: [ app_begin ] --END-- [ RunTime:0.003000s ]
NOTIC: [8] Undefined index: pageSize E:\UPUPW_AP5.6\vhosts\www.greentea.com\Application\Admin\Controller\MenuController.class.php 第 15 行.
SQL: SHOW COLUMNS FROM `cms_menu` [ RunTime:0.0180s ]
SQL: SELECT * FROM `cms_menu` WHERE `status` <> -1 ORDER BY menu_id desc LIMIT 0,10   [ RunTime:0.0000s ]
SQL: SELECT COUNT(*) AS tp_count FROM `cms_menu` WHERE `status` <> -1 LIMIT 1   [ RunTime:0.0010s ]
INFO: [ view_parse ] --START--
INFO: [ template_filter ] --START--
INFO: Run Behavior\ContentReplaceBehavior [ RunTime:0.000000s ]
INFO: [ template_filter ] --END-- [ RunTime:0.000000s ]
NOTIC: [8] Undefined variable: nav E:\UPUPW_AP5.6\vhosts\www.greentea.com\Application\Runtime\Cache\Admin\b956215329b6f9aca22277599a4efdfc.php 第 103 行.
NOTIC: [8] Undefined index: type  E:\UPUPW_AP5.6\vhosts\www.greentea.com\Application\Runtime\Cache\Admin\b956215329b6f9aca22277599a4efdfc.php 第 155 行.
NOTIC: [8] Undefined index: status  E:\UPUPW_AP5.6\vhosts\www.greentea.com\Application\Runtime\Cache\Admin\b956215329b6f9aca22277599a4efdfc.php 第 156 行.
NOTIC: [8] Undefined index: type  E:\UPUPW_AP5.6\vhosts\www.greentea.com\Application\Runtime\Cache\Admin\b956215329b6f9aca22277599a4efdfc.php 第 155 行.
NOTIC: [8] Undefined index: status  E:\UPUPW_AP5.6\vhosts\www.greentea.com\Application\Runtime\Cache\Admin\b956215329b6f9aca22277599a4efdfc.php 第 156 行.
NOTIC: [8] Undefined index: type  E:\UPUPW_AP5.6\vhosts\www.greentea.com\Application\Runtime\Cache\Admin\b956215329b6f9aca22277599a4efdfc.php 第 155 行.
NOTIC: [8] Undefined index: status  E:\UPUPW_AP5.6\vhosts\www.greentea.com\Application\Runtime\Cache\Admin\b956215329b6f9aca22277599a4efdfc.php 第 156 行.
NOTIC: [8] Undefined index: type  E:\UPUPW_AP5.6\vhosts\www.greentea.com\Application\Runtime\Cache\Admin\b956215329b6f9aca22277599a4efdfc.php 第 155 行.
NOTIC: [8] Undefined index: status  E:\UPUPW_AP5.6\vhosts\www.greentea.com\Application\Runtime\Cache\Admin\b956215329b6f9aca22277599a4efdfc.php 第 156 行.
NOTIC: [8] Undefined index: type  E:\UPUPW_AP5.6\vhosts\www.greentea.com\Application\Runtime\Cache\Admin\b956215329b6f9aca22277599a4efdfc.php 第 155 行.
NOTIC: [8] Undefined index: status  E:\UPUPW_AP5.6\vhosts\www.greentea.com\Application\Runtime\Cache\Admin\b956215329b6f9aca22277599a4efdfc.php 第 156 行.
NOTIC: [8] Undefined index: type  E:\UPUPW_AP5.6\vhosts\www.greentea.com\Application\Runtime\Cache\Admin\b956215329b6f9aca22277599a4efdfc.php 第 155 行.
NOTIC: [8] Undefined index: status  E:\UPUPW_AP5.6\vhosts\www.greentea.com\Application\Runtime\Cache\Admin\b956215329b6f9aca22277599a4efdfc.php 第 156 行.
NOTIC: [8] Undefined index: type  E:\UPUPW_AP5.6\vhosts\www.greentea.com\Application\Runtime\Cache\Admin\b956215329b6f9aca22277599a4efdfc.php 第 155 行.
NOTIC: [8] Undefined index: status  E:\UPUPW_AP5.6\vhosts\www.greentea.com\Application\Runtime\Cache\Admin\b956215329b6f9aca22277599a4efdfc.php 第 156 行.
NOTIC: [8] Undefined index: type  E:\UPUPW_AP5.6\vhosts\www.greentea.com\Application\Runtime\Cache\Admin\b956215329b6f9aca22277599a4efdfc.php 第 155 行.
NOTIC: [8] Undefined index: status  E:\UPUPW_AP5.6\vhosts\www.greentea.com\Application\Runtime\Cache\Admin\b956215329b6f9aca22277599a4efdfc.php 第 156 行.
NOTIC: [8] Undefined index: type  E:\UPUPW_AP5.6\vhosts\www.greentea.com\Application\Runtime\Cache\Admin\b956215329b6f9aca22277599a4efdfc.php 第 155 行.
NOTIC: [8] Undefined index: status  E:\UPUPW_AP5.6\vhosts\www.greentea.com\Application\Runtime\Cache\Admin\b956215329b6f9aca22277599a4efdfc.php 第 156 行.
NOTIC: [8] Undefined index: type  E:\UPUPW_AP5.6\vhosts\www.greentea.com\Application\Runtime\Cache\Admin\b956215329b6f9aca22277599a4efdfc.php 第 155 行.
NOTIC: [8] Undefined index: status  E:\UPUPW_AP5.6\vhosts\www.greentea.com\Application\Runtime\Cache\Admin\b956215329b6f9aca22277599a4efdfc.php 第 156 行.
INFO: Run Behavior\ParseTemplateBehavior [ RunTime:0.022001s ]
INFO: [ view_parse ] --END-- [ RunTime:0.022001s ]
INFO: [ view_filter ] --START--
INFO: Run Behavior\WriteHtmlCacheBehavior [ RunTime:0.002000s ]
INFO: [ view_filter ] --END-- [ RunTime:0.002000s ]
INFO: [ app_end ] --START--
INFO: Run Behavior\ShowPageTraceBehavior [ RunTime:0.002000s ]
INFO: [ app_end ] --END-- [ RunTime:0.002000s ]

